{"D:\\code\\tob-ui-core\\core\\index.js": {"path":"D:\\code\\tob-ui-core\\core\\index.js","statementMap":{},"fnMap":{},"branchMap":{},"s":{},"f":{},"b":{},"_coverageSchema":"1a1c01bbd47fc00a2c39e90264f33305004495a9","hash":"fb6586209103e8233757e72c57491e8c1cdac5ec"}
,"D:\\code\\tob-ui-core\\core\\design\\VModel.js": {"path":"D:\\code\\tob-ui-core\\core\\design\\VModel.js","statementMap":{"0":{"start":{"line":5,"column":20},"end":{"line":5,"column":24}},"1":{"start":{"line":6,"column":2},"end":{"line":41,"column":3}},"2":{"start":{"line":21,"column":26},"end":{"line":21,"column":30}},"3":{"start":{"line":22,"column":8},"end":{"line":22,"column":20}},"4":{"start":{"line":26,"column":31},"end":{"line":26,"column":35}},"5":{"start":{"line":27,"column":8},"end":{"line":27,"column":25}},"6":{"start":{"line":34,"column":8},"end":{"line":34,"column":30}},"7":{"start":{"line":37,"column":8},"end":{"line":37,"column":42}}},"fnMap":{"0":{"name":"(anonymous_0)","decl":{"start":{"line":4,"column":15},"end":{"line":4,"column":16}},"loc":{"start":{"line":4,"column":30},"end":{"line":42,"column":1}},"line":4},"1":{"name":"(anonymous_1)","decl":{"start":{"line":19,"column":6},"end":{"line":19,"column":7}},"loc":{"start":{"line":19,"column":20},"end":{"line":29,"column":7}},"line":19},"2":{"name":"(anonymous_2)","decl":{"start":{"line":32,"column":6},"end":{"line":32,"column":7}},"loc":{"start":{"line":32,"column":27},"end":{"line":39,"column":7}},"line":32}},"branchMap":{"0":{"loc":{"start":{"line":4,"column":16},"end":{"line":4,"column":25}},"type":"default-arg","locations":[{"start":{"line":4,"column":23},"end":{"line":4,"column":25}}],"line":4}},"s":{"0":3,"1":3,"2":2,"3":2,"4":0,"5":0,"6":1,"7":1},"f":{"0":3,"1":2,"2":1},"b":{"0":[0]},"_coverageSchema":"1a1c01bbd47fc00a2c39e90264f33305004495a9","hash":"ebaac769ad4913a74bdce80fe394b027b19adfe4"}
,"D:\\code\\tob-ui-core\\core\\design\\color.js": {"path":"D:\\code\\tob-ui-core\\core\\design\\color.js","statementMap":{"0":{"start":{"line":14,"column":6},"end":{"line":14,"column":10}},"1":{"start":{"line":16,"column":2},"end":{"line":18,"column":3}},"2":{"start":{"line":17,"column":4},"end":{"line":17,"column":51}},"3":{"start":{"line":20,"column":2},"end":{"line":35,"column":3}},"4":{"start":{"line":24,"column":42},"end":{"line":24,"column":46}},"5":{"start":{"line":26,"column":8},"end":{"line":30,"column":9}},"6":{"start":{"line":27,"column":34},"end":{"line":27,"column":56}},"7":{"start":{"line":28,"column":23},"end":{"line":28,"column":56}},"8":{"start":{"line":29,"column":10},"end":{"line":29,"column":55}},"9":{"start":{"line":31,"column":26},"end":{"line":31,"column":40}},"10":{"start":{"line":32,"column":8},"end":{"line":32,"column":73}},"11":{"start":{"line":39,"column":15},"end":{"line":49,"column":1}},"12":{"start":{"line":52,"column":15},"end":{"line":87,"column":1}},"13":{"start":{"line":53,"column":44},"end":{"line":53,"column":48}},"14":{"start":{"line":55,"column":13},"end":{"line":55,"column":26}},"15":{"start":{"line":56,"column":15},"end":{"line":56,"column":30}},"16":{"start":{"line":57,"column":20},"end":{"line":57,"column":32}},"17":{"start":{"line":58,"column":18},"end":{"line":58,"column":33}},"18":{"start":{"line":59,"column":18},"end":{"line":59,"column":34}},"19":{"start":{"line":60,"column":24},"end":{"line":60,"column":40}},"20":{"start":{"line":61,"column":17},"end":{"line":61,"column":41}},"21":{"start":{"line":63,"column":15},"end":{"line":63,"column":17}},"22":{"start":{"line":65,"column":2},"end":{"line":67,"column":3}},"23":{"start":{"line":66,"column":4},"end":{"line":66,"column":34}},"24":{"start":{"line":70,"column":2},"end":{"line":75,"column":3}},"25":{"start":{"line":71,"column":4},"end":{"line":73,"column":5}},"26":{"start":{"line":72,"column":6},"end":{"line":72,"column":44}},"27":{"start":{"line":74,"column":4},"end":{"line":74,"column":56}},"28":{"start":{"line":78,"column":2},"end":{"line":83,"column":3}},"29":{"start":{"line":79,"column":4},"end":{"line":81,"column":5}},"30":{"start":{"line":80,"column":6},"end":{"line":80,"column":42}},"31":{"start":{"line":82,"column":4},"end":{"line":82,"column":46}},"32":{"start":{"line":86,"column":2},"end":{"line":86,"column":49}},"33":{"start":{"line":90,"column":34},"end":{"line":94,"column":1}},"34":{"start":{"line":91,"column":18},"end":{"line":91,"column":20}},"35":{"start":{"line":92,"column":2},"end":{"line":92,"column":56}},"36":{"start":{"line":92,"column":25},"end":{"line":92,"column":54}},"37":{"start":{"line":93,"column":2},"end":{"line":93,"column":16}},"38":{"start":{"line":97,"column":30},"end":{"line":97,"column":54}},"39":{"start":{"line":100,"column":32},"end":{"line":100,"column":58}},"40":{"start":{"line":103,"column":34},"end":{"line":103,"column":62}}},"fnMap":{"0":{"name":"(anonymous_0)","decl":{"start":{"line":6,"column":15},"end":{"line":6,"column":16}},"loc":{"start":{"line":6,"column":30},"end":{"line":36,"column":1}},"line":6},"1":{"name":"(anonymous_1)","decl":{"start":{"line":23,"column":6},"end":{"line":23,"column":7}},"loc":{"start":{"line":23,"column":14},"end":{"line":33,"column":7}},"line":23},"2":{"name":"(anonymous_2)","decl":{"start":{"line":52,"column":15},"end":{"line":52,"column":16}},"loc":{"start":{"line":52,"column":30},"end":{"line":87,"column":1}},"line":52},"3":{"name":"(anonymous_3)","decl":{"start":{"line":90,"column":34},"end":{"line":90,"column":35}},"loc":{"start":{"line":90,"column":46},"end":{"line":94,"column":1}},"line":90},"4":{"name":"(anonymous_4)","decl":{"start":{"line":92,"column":17},"end":{"line":92,"column":18}},"loc":{"start":{"line":92,"column":25},"end":{"line":92,"column":54}},"line":92}},"branchMap":{"0":{"loc":{"start":{"line":6,"column":16},"end":{"line":6,"column":25}},"type":"default-arg","locations":[{"start":{"line":6,"column":23},"end":{"line":6,"column":25}}],"line":6},"1":{"loc":{"start":{"line":8,"column":4},"end":{"line":8,"column":14}},"type":"default-arg","locations":[{"start":{"line":8,"column":12},"end":{"line":8,"column":14}}],"line":8},"2":{"loc":{"start":{"line":9,"column":4},"end":{"line":9,"column":15}},"type":"default-arg","locations":[{"start":{"line":9,"column":13},"end":{"line":9,"column":15}}],"line":9},"3":{"loc":{"start":{"line":10,"column":4},"end":{"line":10,"column":17}},"type":"default-arg","locations":[{"start":{"line":10,"column":12},"end":{"line":10,"column":17}}],"line":10},"4":{"loc":{"start":{"line":11,"column":4},"end":{"line":11,"column":18}},"type":"default-arg","locations":[{"start":{"line":11,"column":14},"end":{"line":11,"column":18}}],"line":11},"5":{"loc":{"start":{"line":12,"column":4},"end":{"line":12,"column":19}},"type":"default-arg","locations":[{"start":{"line":12,"column":14},"end":{"line":12,"column":19}}],"line":12},"6":{"loc":{"start":{"line":13,"column":4},"end":{"line":13,"column":24}},"type":"default-arg","locations":[{"start":{"line":13,"column":17},"end":{"line":13,"column":24}}],"line":13},"7":{"loc":{"start":{"line":16,"column":2},"end":{"line":18,"column":3}},"type":"if","locations":[{"start":{"line":16,"column":2},"end":{"line":18,"column":3}},{"start":{},"end":{}}],"line":16},"8":{"loc":{"start":{"line":16,"column":6},"end":{"line":16,"column":52}},"type":"binary-expr","locations":[{"start":{"line":16,"column":6},"end":{"line":16,"column":26}},{"start":{"line":16,"column":30},"end":{"line":16,"column":52}}],"line":16},"9":{"loc":{"start":{"line":26,"column":8},"end":{"line":30,"column":9}},"type":"if","locations":[{"start":{"line":26,"column":8},"end":{"line":30,"column":9}},{"start":{},"end":{}}],"line":26},"10":{"loc":{"start":{"line":29,"column":17},"end":{"line":29,"column":55}},"type":"cond-expr","locations":[{"start":{"line":29,"column":35},"end":{"line":29,"column":47}},{"start":{"line":29,"column":50},"end":{"line":29,"column":55}}],"line":29},"11":{"loc":{"start":{"line":32,"column":15},"end":{"line":32,"column":73}},"type":"cond-expr","locations":[{"start":{"line":32,"column":27},"end":{"line":32,"column":65}},{"start":{"line":32,"column":68},"end":{"line":32,"column":73}}],"line":32},"12":{"loc":{"start":{"line":52,"column":16},"end":{"line":52,"column":25}},"type":"default-arg","locations":[{"start":{"line":52,"column":23},"end":{"line":52,"column":25}}],"line":52},"13":{"loc":{"start":{"line":65,"column":2},"end":{"line":67,"column":3}},"type":"if","locations":[{"start":{"line":65,"column":2},"end":{"line":67,"column":3}},{"start":{},"end":{}}],"line":65},"14":{"loc":{"start":{"line":70,"column":2},"end":{"line":75,"column":3}},"type":"if","locations":[{"start":{"line":70,"column":2},"end":{"line":75,"column":3}},{"start":{},"end":{}}],"line":70},"15":{"loc":{"start":{"line":71,"column":4},"end":{"line":73,"column":5}},"type":"if","locations":[{"start":{"line":71,"column":4},"end":{"line":73,"column":5}},{"start":{},"end":{}}],"line":71},"16":{"loc":{"start":{"line":78,"column":2},"end":{"line":83,"column":3}},"type":"if","locations":[{"start":{"line":78,"column":2},"end":{"line":83,"column":3}},{"start":{},"end":{}}],"line":78},"17":{"loc":{"start":{"line":79,"column":4},"end":{"line":81,"column":5}},"type":"if","locations":[{"start":{"line":79,"column":4},"end":{"line":81,"column":5}},{"start":{},"end":{}}],"line":79}},"s":{"0":10,"1":10,"2":1,"3":9,"4":54,"5":54,"6":36,"7":36,"8":36,"9":18,"10":18,"11":2,"12":2,"13":36,"14":36,"15":36,"16":36,"17":36,"18":36,"19":36,"20":36,"21":36,"22":36,"23":9,"24":36,"25":9,"26":0,"27":9,"28":27,"29":9,"30":0,"31":9,"32":18,"33":2,"34":6,"35":6,"36":54,"37":6,"38":2,"39":2,"40":2},"f":{"0":10,"1":54,"2":36,"3":6,"4":54},"b":{"0":[2],"1":[9],"2":[9],"3":[8],"4":[7],"5":[8],"6":[9],"7":[1,9],"8":[10,3],"9":[36,18],"10":[36,0],"11":[18,0],"12":[0],"13":[9,27],"14":[9,27],"15":[0,9],"16":[9,18],"17":[0,9]},"_coverageSchema":"1a1c01bbd47fc00a2c39e90264f33305004495a9","hash":"b46282806c7329d66649394b156c7a150b8869ce"}
,"D:\\code\\tob-ui-core\\core\\design\\common.js": {"path":"D:\\code\\tob-ui-core\\core\\design\\common.js","statementMap":{"0":{"start":{"line":4,"column":28},"end":{"line":7,"column":1}},"1":{"start":{"line":5,"column":17},"end":{"line":5,"column":32}},"2":{"start":{"line":6,"column":2},"end":{"line":6,"column":46}},"3":{"start":{"line":10,"column":28},"end":{"line":26,"column":1}},"4":{"start":{"line":11,"column":2},"end":{"line":15,"column":3}},"5":{"start":{"line":12,"column":4},"end":{"line":14,"column":5}},"6":{"start":{"line":17,"column":2},"end":{"line":23,"column":3}},"7":{"start":{"line":18,"column":4},"end":{"line":22,"column":5}},"8":{"start":{"line":20,"column":8},"end":{"line":20,"column":22}},"9":{"start":{"line":25,"column":2},"end":{"line":25,"column":44}}},"fnMap":{"0":{"name":"(anonymous_0)","decl":{"start":{"line":4,"column":28},"end":{"line":4,"column":29}},"loc":{"start":{"line":4,"column":46},"end":{"line":7,"column":1}},"line":4},"1":{"name":"(anonymous_1)","decl":{"start":{"line":10,"column":28},"end":{"line":10,"column":29}},"loc":{"start":{"line":10,"column":47},"end":{"line":26,"column":1}},"line":10},"2":{"name":"(anonymous_2)","decl":{"start":{"line":19,"column":6},"end":{"line":19,"column":7}},"loc":{"start":{"line":19,"column":13},"end":{"line":21,"column":7}},"line":19}},"branchMap":{"0":{"loc":{"start":{"line":6,"column":9},"end":{"line":6,"column":46}},"type":"cond-expr","locations":[{"start":{"line":6,"column":18},"end":{"line":6,"column":24}},{"start":{"line":6,"column":27},"end":{"line":6,"column":46}}],"line":6},"1":{"loc":{"start":{"line":11,"column":2},"end":{"line":15,"column":3}},"type":"if","locations":[{"start":{"line":11,"column":2},"end":{"line":15,"column":3}},{"start":{},"end":{}}],"line":11},"2":{"loc":{"start":{"line":17,"column":2},"end":{"line":23,"column":3}},"type":"if","locations":[{"start":{"line":17,"column":2},"end":{"line":23,"column":3}},{"start":{},"end":{}}],"line":17}},"s":{"0":2,"1":17,"2":17,"3":2,"4":26,"5":16,"6":10,"7":10,"8":10,"9":0},"f":{"0":17,"1":26,"2":10},"b":{"0":[4,13],"1":[16,10],"2":[10,0]},"_coverageSchema":"1a1c01bbd47fc00a2c39e90264f33305004495a9","hash":"931dee44d60ef3044192595b4b33d583d235aee8"}
,"D:\\code\\tob-ui-core\\core\\design\\counter.js": {"path":"D:\\code\\tob-ui-core\\core\\design\\counter.js","statementMap":{"0":{"start":{"line":4,"column":30},"end":{"line":27,"column":1}},"1":{"start":{"line":5,"column":2},"end":{"line":7,"column":3}},"2":{"start":{"line":6,"column":4},"end":{"line":6,"column":50}},"3":{"start":{"line":8,"column":2},"end":{"line":26,"column":3}},"4":{"start":{"line":10,"column":6},"end":{"line":12,"column":7}},"5":{"start":{"line":15,"column":6},"end":{"line":24,"column":7}},"6":{"start":{"line":17,"column":37},"end":{"line":17,"column":51}},"7":{"start":{"line":19,"column":38},"end":{"line":19,"column":50}},"8":{"start":{"line":21,"column":37},"end":{"line":21,"column":51}},"9":{"start":{"line":23,"column":37},"end":{"line":23,"column":51}},"10":{"start":{"line":30,"column":29},"end":{"line":60,"column":1}},"11":{"start":{"line":31,"column":2},"end":{"line":33,"column":3}},"12":{"start":{"line":32,"column":4},"end":{"line":32,"column":50}},"13":{"start":{"line":35,"column":2},"end":{"line":59,"column":3}},"14":{"start":{"line":37,"column":6},"end":{"line":39,"column":7}}},"fnMap":{"0":{"name":"(anonymous_0)","decl":{"start":{"line":4,"column":30},"end":{"line":4,"column":31}},"loc":{"start":{"line":4,"column":38},"end":{"line":27,"column":1}},"line":4},"1":{"name":"(anonymous_1)","decl":{"start":{"line":9,"column":4},"end":{"line":9,"column":5}},"loc":{"start":{"line":9,"column":11},"end":{"line":13,"column":5}},"line":9},"2":{"name":"(anonymous_2)","decl":{"start":{"line":14,"column":4},"end":{"line":14,"column":5}},"loc":{"start":{"line":14,"column":14},"end":{"line":25,"column":5}},"line":14},"3":{"name":"(anonymous_3)","decl":{"start":{"line":17,"column":31},"end":{"line":17,"column":32}},"loc":{"start":{"line":17,"column":37},"end":{"line":17,"column":51}},"line":17},"4":{"name":"(anonymous_4)","decl":{"start":{"line":19,"column":32},"end":{"line":19,"column":33}},"loc":{"start":{"line":19,"column":38},"end":{"line":19,"column":50}},"line":19},"5":{"name":"(anonymous_5)","decl":{"start":{"line":21,"column":31},"end":{"line":21,"column":32}},"loc":{"start":{"line":21,"column":37},"end":{"line":21,"column":51}},"line":21},"6":{"name":"(anonymous_6)","decl":{"start":{"line":23,"column":31},"end":{"line":23,"column":32}},"loc":{"start":{"line":23,"column":37},"end":{"line":23,"column":51}},"line":23},"7":{"name":"(anonymous_7)","decl":{"start":{"line":30,"column":29},"end":{"line":30,"column":30}},"loc":{"start":{"line":30,"column":37},"end":{"line":60,"column":1}},"line":30},"8":{"name":"(anonymous_8)","decl":{"start":{"line":36,"column":4},"end":{"line":36,"column":5}},"loc":{"start":{"line":36,"column":11},"end":{"line":40,"column":5}},"line":36},"9":{"name":"(anonymous_9)","decl":{"start":{"line":44,"column":17},"end":{"line":44,"column":18}},"loc":{"start":{"line":44,"column":23},"end":{"line":44,"column":25}},"line":44},"10":{"name":"(anonymous_10)","decl":{"start":{"line":48,"column":17},"end":{"line":48,"column":18}},"loc":{"start":{"line":48,"column":23},"end":{"line":48,"column":25}},"line":48},"11":{"name":"(anonymous_11)","decl":{"start":{"line":52,"column":17},"end":{"line":52,"column":18}},"loc":{"start":{"line":52,"column":23},"end":{"line":52,"column":25}},"line":52},"12":{"name":"(anonymous_12)","decl":{"start":{"line":56,"column":17},"end":{"line":56,"column":18}},"loc":{"start":{"line":56,"column":23},"end":{"line":56,"column":25}},"line":56}},"branchMap":{"0":{"loc":{"start":{"line":5,"column":2},"end":{"line":7,"column":3}},"type":"if","locations":[{"start":{"line":5,"column":2},"end":{"line":7,"column":3}},{"start":{},"end":{}}],"line":5},"1":{"loc":{"start":{"line":31,"column":2},"end":{"line":33,"column":3}},"type":"if","locations":[{"start":{"line":31,"column":2},"end":{"line":33,"column":3}},{"start":{},"end":{}}],"line":31}},"s":{"0":2,"1":6,"2":1,"3":5,"4":5,"5":5,"6":2,"7":1,"8":1,"9":1,"10":2,"11":2,"12":1,"13":1,"14":0},"f":{"0":6,"1":5,"2":5,"3":2,"4":1,"5":1,"6":1,"7":2,"8":0,"9":0,"10":0,"11":0,"12":0},"b":{"0":[1,5],"1":[1,1]},"_coverageSchema":"1a1c01bbd47fc00a2c39e90264f33305004495a9","hash":"760f04c664bc38661512d236691a13da99918c93"}
,"D:\\code\\tob-ui-core\\core\\design\\effects.js": {"path":"D:\\code\\tob-ui-core\\core\\design\\effects.js","statementMap":{"0":{"start":{"line":4,"column":30},"end":{"line":70,"column":1}},"1":{"start":{"line":5,"column":1},"end":{"line":7,"column":2}},"2":{"start":{"line":6,"column":2},"end":{"line":6,"column":47}},"3":{"start":{"line":9,"column":1},"end":{"line":69,"column":2}},"4":{"start":{"line":11,"column":3},"end":{"line":13,"column":4}},"5":{"start":{"line":16,"column":3},"end":{"line":25,"column":4}},"6":{"start":{"line":30,"column":4},"end":{"line":30,"column":30}},"7":{"start":{"line":34,"column":4},"end":{"line":34,"column":30}},"8":{"start":{"line":38,"column":4},"end":{"line":38,"column":28}},"9":{"start":{"line":42,"column":4},"end":{"line":42,"column":38}},"10":{"start":{"line":46,"column":4},"end":{"line":46,"column":31}},"11":{"start":{"line":50,"column":19},"end":{"line":50,"column":38}},"12":{"start":{"line":51,"column":4},"end":{"line":53,"column":5}},"13":{"start":{"line":52,"column":5},"end":{"line":52,"column":21}},"14":{"start":{"line":54,"column":4},"end":{"line":54,"column":15}},"15":{"start":{"line":58,"column":4},"end":{"line":58,"column":33}},"16":{"start":{"line":62,"column":4},"end":{"line":66,"column":6}},"17":{"start":{"line":63,"column":5},"end":{"line":65,"column":6}},"18":{"start":{"line":64,"column":6},"end":{"line":64,"column":15}},"19":{"start":{"line":73,"column":29},"end":{"line":114,"column":1}},"20":{"start":{"line":74,"column":1},"end":{"line":76,"column":2}},"21":{"start":{"line":75,"column":2},"end":{"line":75,"column":47}},"22":{"start":{"line":78,"column":1},"end":{"line":113,"column":2}}},"fnMap":{"0":{"name":"(anonymous_0)","decl":{"start":{"line":4,"column":30},"end":{"line":4,"column":31}},"loc":{"start":{"line":4,"column":40},"end":{"line":70,"column":1}},"line":4},"1":{"name":"(anonymous_1)","decl":{"start":{"line":10,"column":2},"end":{"line":10,"column":3}},"loc":{"start":{"line":10,"column":9},"end":{"line":14,"column":3}},"line":10},"2":{"name":"(anonymous_2)","decl":{"start":{"line":15,"column":2},"end":{"line":15,"column":3}},"loc":{"start":{"line":15,"column":12},"end":{"line":26,"column":3}},"line":15},"3":{"name":"(anonymous_3)","decl":{"start":{"line":29,"column":3},"end":{"line":29,"column":4}},"loc":{"start":{"line":29,"column":16},"end":{"line":31,"column":4}},"line":29},"4":{"name":"(anonymous_4)","decl":{"start":{"line":33,"column":3},"end":{"line":33,"column":4}},"loc":{"start":{"line":33,"column":17},"end":{"line":35,"column":4}},"line":33},"5":{"name":"(anonymous_5)","decl":{"start":{"line":37,"column":3},"end":{"line":37,"column":4}},"loc":{"start":{"line":37,"column":17},"end":{"line":39,"column":4}},"line":37},"6":{"name":"(anonymous_6)","decl":{"start":{"line":41,"column":3},"end":{"line":41,"column":4}},"loc":{"start":{"line":41,"column":26},"end":{"line":43,"column":4}},"line":41},"7":{"name":"(anonymous_7)","decl":{"start":{"line":45,"column":3},"end":{"line":45,"column":4}},"loc":{"start":{"line":45,"column":18},"end":{"line":47,"column":4}},"line":45},"8":{"name":"(anonymous_8)","decl":{"start":{"line":49,"column":3},"end":{"line":49,"column":4}},"loc":{"start":{"line":49,"column":23},"end":{"line":55,"column":4}},"line":49},"9":{"name":"(anonymous_9)","decl":{"start":{"line":57,"column":3},"end":{"line":57,"column":4}},"loc":{"start":{"line":57,"column":20},"end":{"line":59,"column":4}},"line":57},"10":{"name":"(anonymous_10)","decl":{"start":{"line":61,"column":3},"end":{"line":61,"column":4}},"loc":{"start":{"line":61,"column":23},"end":{"line":67,"column":4}},"line":61},"11":{"name":"(anonymous_11)","decl":{"start":{"line":62,"column":25},"end":{"line":62,"column":26}},"loc":{"start":{"line":62,"column":37},"end":{"line":66,"column":5}},"line":62},"12":{"name":"(anonymous_12)","decl":{"start":{"line":73,"column":29},"end":{"line":73,"column":30}},"loc":{"start":{"line":73,"column":39},"end":{"line":114,"column":1}},"line":73},"13":{"name":"(anonymous_13)","decl":{"start":{"line":82,"column":13},"end":{"line":82,"column":14}},"loc":{"start":{"line":82,"column":19},"end":{"line":82,"column":22}},"line":82},"14":{"name":"(anonymous_14)","decl":{"start":{"line":86,"column":13},"end":{"line":86,"column":14}},"loc":{"start":{"line":86,"column":19},"end":{"line":86,"column":22}},"line":86},"15":{"name":"(anonymous_15)","decl":{"start":{"line":90,"column":13},"end":{"line":90,"column":14}},"loc":{"start":{"line":90,"column":19},"end":{"line":90,"column":22}},"line":90},"16":{"name":"(anonymous_16)","decl":{"start":{"line":94,"column":13},"end":{"line":94,"column":14}},"loc":{"start":{"line":94,"column":19},"end":{"line":94,"column":22}},"line":94},"17":{"name":"(anonymous_17)","decl":{"start":{"line":98,"column":13},"end":{"line":98,"column":14}},"loc":{"start":{"line":98,"column":19},"end":{"line":98,"column":22}},"line":98},"18":{"name":"(anonymous_18)","decl":{"start":{"line":102,"column":13},"end":{"line":102,"column":14}},"loc":{"start":{"line":102,"column":19},"end":{"line":102,"column":22}},"line":102},"19":{"name":"(anonymous_19)","decl":{"start":{"line":106,"column":13},"end":{"line":106,"column":14}},"loc":{"start":{"line":106,"column":19},"end":{"line":106,"column":22}},"line":106},"20":{"name":"(anonymous_20)","decl":{"start":{"line":110,"column":13},"end":{"line":110,"column":14}},"loc":{"start":{"line":110,"column":19},"end":{"line":110,"column":22}},"line":110}},"branchMap":{"0":{"loc":{"start":{"line":5,"column":1},"end":{"line":7,"column":2}},"type":"if","locations":[{"start":{"line":5,"column":1},"end":{"line":7,"column":2}},{"start":{},"end":{}}],"line":5},"1":{"loc":{"start":{"line":51,"column":4},"end":{"line":53,"column":5}},"type":"if","locations":[{"start":{"line":51,"column":4},"end":{"line":53,"column":5}},{"start":{},"end":{}}],"line":51},"2":{"loc":{"start":{"line":63,"column":5},"end":{"line":65,"column":6}},"type":"if","locations":[{"start":{"line":63,"column":5},"end":{"line":65,"column":6}},{"start":{},"end":{}}],"line":63},"3":{"loc":{"start":{"line":74,"column":1},"end":{"line":76,"column":2}},"type":"if","locations":[{"start":{"line":74,"column":1},"end":{"line":76,"column":2}},{"start":{},"end":{}}],"line":74}},"s":{"0":2,"1":8,"2":1,"3":7,"4":7,"5":0,"6":1,"7":3,"8":1,"9":8,"10":1,"11":1,"12":1,"13":1,"14":0,"15":1,"16":0,"17":0,"18":0,"19":2,"20":2,"21":1,"22":1},"f":{"0":8,"1":7,"2":0,"3":1,"4":3,"5":1,"6":8,"7":1,"8":1,"9":1,"10":0,"11":0,"12":2,"13":0,"14":0,"15":0,"16":0,"17":0,"18":0,"19":0,"20":0},"b":{"0":[1,7],"1":[1,0],"2":[0,0],"3":[1,1]},"_coverageSchema":"1a1c01bbd47fc00a2c39e90264f33305004495a9","hash":"f3fc374cbf4d248890e3c9241eda97475c05297b"}
,"D:\\code\\tob-ui-core\\core\\design\\emits.js": {"path":"D:\\code\\tob-ui-core\\core\\design\\emits.js","statementMap":{"0":{"start":{"line":5,"column":2},"end":{"line":7,"column":3}},"1":{"start":{"line":6,"column":4},"end":{"line":6,"column":40}},"2":{"start":{"line":9,"column":18},"end":{"line":9,"column":20}},"3":{"start":{"line":11,"column":2},"end":{"line":15,"column":3}},"4":{"start":{"line":12,"column":4},"end":{"line":14,"column":5}},"5":{"start":{"line":13,"column":6},"end":{"line":13,"column":29}},"6":{"start":{"line":16,"column":2},"end":{"line":21,"column":3}}},"fnMap":{"0":{"name":"(anonymous_0)","decl":{"start":{"line":4,"column":15},"end":{"line":4,"column":16}},"loc":{"start":{"line":4,"column":31},"end":{"line":22,"column":1}},"line":4},"1":{"name":"(anonymous_1)","decl":{"start":{"line":12,"column":17},"end":{"line":12,"column":18}},"loc":{"start":{"line":12,"column":30},"end":{"line":14,"column":5}},"line":12}},"branchMap":{"0":{"loc":{"start":{"line":4,"column":16},"end":{"line":4,"column":26}},"type":"default-arg","locations":[{"start":{"line":4,"column":24},"end":{"line":4,"column":26}}],"line":4},"1":{"loc":{"start":{"line":5,"column":2},"end":{"line":7,"column":3}},"type":"if","locations":[{"start":{"line":5,"column":2},"end":{"line":7,"column":3}},{"start":{},"end":{}}],"line":5}},"s":{"0":3,"1":1,"2":2,"3":2,"4":3,"5":1,"6":2},"f":{"0":3,"1":1},"b":{"0":[0],"1":[1,2]},"_coverageSchema":"1a1c01bbd47fc00a2c39e90264f33305004495a9","hash":"cdcea2d8cf3391d2211800e59b77fb4603a3cc7c"}
,"D:\\code\\tob-ui-core\\core\\design\\flex.js": {"path":"D:\\code\\tob-ui-core\\core\\design\\flex.js","statementMap":{"0":{"start":{"line":10,"column":6},"end":{"line":10,"column":10}},"1":{"start":{"line":11,"column":2},"end":{"line":27,"column":3}},"2":{"start":{"line":15,"column":26},"end":{"line":15,"column":30}},"3":{"start":{"line":16,"column":8},"end":{"line":16,"column":43}},"4":{"start":{"line":19,"column":28},"end":{"line":19,"column":32}},"5":{"start":{"line":20,"column":8},"end":{"line":20,"column":49}},"6":{"start":{"line":23,"column":30},"end":{"line":23,"column":34}},"7":{"start":{"line":24,"column":8},"end":{"line":24,"column":55}},"8":{"start":{"line":31,"column":23},"end":{"line":38,"column":1}},"9":{"start":{"line":41,"column":21},"end":{"line":47,"column":1}},"10":{"start":{"line":50,"column":25},"end":{"line":55,"column":1}}},"fnMap":{"0":{"name":"(anonymous_0)","decl":{"start":{"line":4,"column":15},"end":{"line":4,"column":16}},"loc":{"start":{"line":4,"column":30},"end":{"line":28,"column":1}},"line":4},"1":{"name":"(anonymous_1)","decl":{"start":{"line":14,"column":6},"end":{"line":14,"column":7}},"loc":{"start":{"line":14,"column":14},"end":{"line":17,"column":7}},"line":14},"2":{"name":"(anonymous_2)","decl":{"start":{"line":18,"column":6},"end":{"line":18,"column":7}},"loc":{"start":{"line":18,"column":16},"end":{"line":21,"column":7}},"line":18},"3":{"name":"(anonymous_3)","decl":{"start":{"line":22,"column":6},"end":{"line":22,"column":7}},"loc":{"start":{"line":22,"column":18},"end":{"line":25,"column":7}},"line":22}},"branchMap":{"0":{"loc":{"start":{"line":4,"column":16},"end":{"line":4,"column":25}},"type":"default-arg","locations":[{"start":{"line":4,"column":23},"end":{"line":4,"column":25}}],"line":4},"1":{"loc":{"start":{"line":6,"column":4},"end":{"line":6,"column":21}},"type":"default-arg","locations":[{"start":{"line":6,"column":14},"end":{"line":6,"column":21}}],"line":6},"2":{"loc":{"start":{"line":7,"column":4},"end":{"line":7,"column":21}},"type":"default-arg","locations":[{"start":{"line":7,"column":12},"end":{"line":7,"column":21}}],"line":7},"3":{"loc":{"start":{"line":8,"column":4},"end":{"line":8,"column":21}},"type":"default-arg","locations":[{"start":{"line":8,"column":16},"end":{"line":8,"column":21}}],"line":8},"4":{"loc":{"start":{"line":9,"column":4},"end":{"line":9,"column":24}},"type":"default-arg","locations":[{"start":{"line":9,"column":17},"end":{"line":9,"column":24}}],"line":9},"5":{"loc":{"start":{"line":16,"column":15},"end":{"line":16,"column":43}},"type":"binary-expr","locations":[{"start":{"line":16,"column":15},"end":{"line":16,"column":34}},{"start":{"line":16,"column":38},"end":{"line":16,"column":43}}],"line":16},"6":{"loc":{"start":{"line":20,"column":15},"end":{"line":20,"column":49}},"type":"binary-expr","locations":[{"start":{"line":20,"column":15},"end":{"line":20,"column":38}},{"start":{"line":20,"column":42},"end":{"line":20,"column":49}}],"line":20},"7":{"loc":{"start":{"line":24,"column":15},"end":{"line":24,"column":55}},"type":"binary-expr","locations":[{"start":{"line":24,"column":15},"end":{"line":24,"column":42}},{"start":{"line":24,"column":46},"end":{"line":24,"column":55}}],"line":24}},"s":{"0":2,"1":2,"2":5,"3":5,"4":6,"5":6,"6":4,"7":4,"8":2,"9":2,"10":2},"f":{"0":2,"1":5,"2":6,"3":4},"b":{"0":[1],"1":[1],"2":[1],"3":[1],"4":[2],"5":[5,0],"6":[6,0],"7":[4,0]},"_coverageSchema":"1a1c01bbd47fc00a2c39e90264f33305004495a9","hash":"c958f6507cbbc96a97a982420c45a3118ab526a6"}
,"D:\\code\\tob-ui-core\\core\\design\\rounded.js": {"path":"D:\\code\\tob-ui-core\\core\\design\\rounded.js","statementMap":{"0":{"start":{"line":5,"column":53},"end":{"line":5,"column":57}},"1":{"start":{"line":6,"column":2},"end":{"line":15,"column":3}},"2":{"start":{"line":10,"column":28},"end":{"line":10,"column":32}},"3":{"start":{"line":11,"column":26},"end":{"line":11,"column":51}},"4":{"start":{"line":12,"column":8},"end":{"line":12,"column":69}},"5":{"start":{"line":19,"column":16},"end":{"line":29,"column":1}}},"fnMap":{"0":{"name":"(anonymous_0)","decl":{"start":{"line":4,"column":15},"end":{"line":4,"column":16}},"loc":{"start":{"line":4,"column":30},"end":{"line":16,"column":1}},"line":4},"1":{"name":"(anonymous_1)","decl":{"start":{"line":9,"column":6},"end":{"line":9,"column":7}},"loc":{"start":{"line":9,"column":16},"end":{"line":13,"column":7}},"line":9}},"branchMap":{"0":{"loc":{"start":{"line":4,"column":16},"end":{"line":4,"column":25}},"type":"default-arg","locations":[{"start":{"line":4,"column":23},"end":{"line":4,"column":25}}],"line":4},"1":{"loc":{"start":{"line":5,"column":10},"end":{"line":5,"column":26}},"type":"default-arg","locations":[{"start":{"line":5,"column":20},"end":{"line":5,"column":26}}],"line":5},"2":{"loc":{"start":{"line":5,"column":28},"end":{"line":5,"column":48}},"type":"default-arg","locations":[{"start":{"line":5,"column":41},"end":{"line":5,"column":48}}],"line":5},"3":{"loc":{"start":{"line":12,"column":15},"end":{"line":12,"column":69}},"type":"cond-expr","locations":[{"start":{"line":12,"column":27},"end":{"line":12,"column":59}},{"start":{"line":12,"column":62},"end":{"line":12,"column":69}}],"line":12}},"s":{"0":5,"1":5,"2":11,"3":11,"4":11,"5":2},"f":{"0":5,"1":11},"b":{"0":[2],"1":[3],"2":[2],"3":[10,1]},"_coverageSchema":"1a1c01bbd47fc00a2c39e90264f33305004495a9","hash":"12081fdb5a14252c3ae1d44c1cae60eb234e7f60"}
,"D:\\code\\tob-ui-core\\core\\design\\shadow.js": {"path":"D:\\code\\tob-ui-core\\core\\design\\shadow.js","statementMap":{"0":{"start":{"line":5,"column":52},"end":{"line":5,"column":56}},"1":{"start":{"line":6,"column":2},"end":{"line":15,"column":3}},"2":{"start":{"line":10,"column":27},"end":{"line":10,"column":31}},"3":{"start":{"line":11,"column":26},"end":{"line":11,"column":50}},"4":{"start":{"line":12,"column":8},"end":{"line":12,"column":66}},"5":{"start":{"line":19,"column":16},"end":{"line":26,"column":1}}},"fnMap":{"0":{"name":"(anonymous_0)","decl":{"start":{"line":4,"column":15},"end":{"line":4,"column":16}},"loc":{"start":{"line":4,"column":30},"end":{"line":16,"column":1}},"line":4},"1":{"name":"(anonymous_1)","decl":{"start":{"line":9,"column":6},"end":{"line":9,"column":7}},"loc":{"start":{"line":9,"column":15},"end":{"line":13,"column":7}},"line":9}},"branchMap":{"0":{"loc":{"start":{"line":4,"column":16},"end":{"line":4,"column":25}},"type":"default-arg","locations":[{"start":{"line":4,"column":23},"end":{"line":4,"column":25}}],"line":4},"1":{"loc":{"start":{"line":5,"column":10},"end":{"line":5,"column":25}},"type":"default-arg","locations":[{"start":{"line":5,"column":19},"end":{"line":5,"column":25}}],"line":5},"2":{"loc":{"start":{"line":5,"column":27},"end":{"line":5,"column":47}},"type":"default-arg","locations":[{"start":{"line":5,"column":40},"end":{"line":5,"column":47}}],"line":5},"3":{"loc":{"start":{"line":12,"column":15},"end":{"line":12,"column":66}},"type":"cond-expr","locations":[{"start":{"line":12,"column":27},"end":{"line":12,"column":57}},{"start":{"line":12,"column":60},"end":{"line":12,"column":66}}],"line":12}},"s":{"0":5,"1":5,"2":8,"3":8,"4":8,"5":2},"f":{"0":5,"1":8},"b":{"0":[2],"1":[3],"2":[2],"3":[7,1]},"_coverageSchema":"1a1c01bbd47fc00a2c39e90264f33305004495a9","hash":"92f4862379f7a585d74ebd50e7b77a80bc1b6caa"}
,"D:\\code\\tob-ui-core\\core\\design\\size.js": {"path":"D:\\code\\tob-ui-core\\core\\design\\size.js","statementMap":{"0":{"start":{"line":7,"column":62},"end":{"line":7,"column":66}},"1":{"start":{"line":9,"column":2},"end":{"line":11,"column":3}},"2":{"start":{"line":10,"column":4},"end":{"line":10,"column":50}},"3":{"start":{"line":13,"column":2},"end":{"line":21,"column":3}},"4":{"start":{"line":17,"column":23},"end":{"line":17,"column":27}},"5":{"start":{"line":18,"column":8},"end":{"line":18,"column":74}}},"fnMap":{"0":{"name":"(anonymous_0)","decl":{"start":{"line":6,"column":15},"end":{"line":6,"column":16}},"loc":{"start":{"line":6,"column":30},"end":{"line":22,"column":1}},"line":6},"1":{"name":"(anonymous_1)","decl":{"start":{"line":16,"column":6},"end":{"line":16,"column":7}},"loc":{"start":{"line":16,"column":13},"end":{"line":19,"column":7}},"line":16}},"branchMap":{"0":{"loc":{"start":{"line":6,"column":16},"end":{"line":6,"column":25}},"type":"default-arg","locations":[{"start":{"line":6,"column":23},"end":{"line":6,"column":25}}],"line":6},"1":{"loc":{"start":{"line":7,"column":10},"end":{"line":7,"column":21}},"type":"default-arg","locations":[{"start":{"line":7,"column":17},"end":{"line":7,"column":21}}],"line":7},"2":{"loc":{"start":{"line":7,"column":23},"end":{"line":7,"column":35}},"type":"default-arg","locations":[{"start":{"line":7,"column":33},"end":{"line":7,"column":35}}],"line":7},"3":{"loc":{"start":{"line":7,"column":37},"end":{"line":7,"column":57}},"type":"default-arg","locations":[{"start":{"line":7,"column":50},"end":{"line":7,"column":57}}],"line":7},"4":{"loc":{"start":{"line":9,"column":2},"end":{"line":11,"column":3}},"type":"if","locations":[{"start":{"line":9,"column":2},"end":{"line":11,"column":3}},{"start":{},"end":{}}],"line":9},"5":{"loc":{"start":{"line":18,"column":15},"end":{"line":18,"column":74}},"type":"cond-expr","locations":[{"start":{"line":18,"column":31},"end":{"line":18,"column":67}},{"start":{"line":18,"column":70},"end":{"line":18,"column":74}}],"line":18}},"s":{"0":6,"1":6,"2":1,"3":5,"4":6,"5":6},"f":{"0":6,"1":6},"b":{"0":[0],"1":[4],"2":[1],"3":[3],"4":[1,5],"5":[5,1]},"_coverageSchema":"1a1c01bbd47fc00a2c39e90264f33305004495a9","hash":"54a90dc4367d508c06fa2eaaaccfea9ec224e5bb"}
,"D:\\code\\tob-ui-core\\core\\hack\\common.js": {"path":"D:\\code\\tob-ui-core\\core\\hack\\common.js","statementMap":{"0":{"start":{"line":4,"column":26},"end":{"line":11,"column":1}},"1":{"start":{"line":4,"column":37},"end":{"line":11,"column":1}},"2":{"start":{"line":5,"column":20},"end":{"line":5,"column":22}},"3":{"start":{"line":6,"column":2},"end":{"line":9,"column":3}},"4":{"start":{"line":7,"column":14},"end":{"line":7,"column":23}},"5":{"start":{"line":8,"column":4},"end":{"line":8,"column":26}},"6":{"start":{"line":10,"column":2},"end":{"line":10,"column":18}},"7":{"start":{"line":14,"column":31},"end":{"line":19,"column":1}},"8":{"start":{"line":15,"column":2},"end":{"line":17,"column":3}},"9":{"start":{"line":16,"column":4},"end":{"line":16,"column":30}},"10":{"start":{"line":18,"column":2},"end":{"line":18,"column":10}}},"fnMap":{"0":{"name":"(anonymous_0)","decl":{"start":{"line":4,"column":26},"end":{"line":4,"column":27}},"loc":{"start":{"line":4,"column":37},"end":{"line":11,"column":1}},"line":4},"1":{"name":"(anonymous_1)","decl":{"start":{"line":4,"column":37},"end":{"line":4,"column":38}},"loc":{"start":{"line":4,"column":54},"end":{"line":11,"column":1}},"line":4},"2":{"name":"(anonymous_2)","decl":{"start":{"line":14,"column":31},"end":{"line":14,"column":32}},"loc":{"start":{"line":14,"column":41},"end":{"line":19,"column":1}},"line":14}},"branchMap":{"0":{"loc":{"start":{"line":4,"column":38},"end":{"line":4,"column":49}},"type":"default-arg","locations":[{"start":{"line":4,"column":47},"end":{"line":4,"column":49}}],"line":4},"1":{"loc":{"start":{"line":15,"column":2},"end":{"line":17,"column":3}},"type":"if","locations":[{"start":{"line":15,"column":2},"end":{"line":17,"column":3}},{"start":{},"end":{}}],"line":15}},"s":{"0":2,"1":6,"2":41,"3":41,"4":70,"5":70,"6":36,"7":2,"8":37,"9":35,"10":2},"f":{"0":6,"1":41,"2":37},"b":{"0":[0],"1":[35,2]},"_coverageSchema":"1a1c01bbd47fc00a2c39e90264f33305004495a9","hash":"a0a00e47e6b8a4da6a60d8806edd6a9ae545ea47"}
,"D:\\code\\tob-ui-core\\core\\hack\\computed.js": {"path":"D:\\code\\tob-ui-core\\core\\hack\\computed.js","statementMap":{"0":{"start":{"line":6,"column":21},"end":{"line":32,"column":1}},"1":{"start":{"line":8,"column":2},"end":{"line":10,"column":3}},"2":{"start":{"line":9,"column":4},"end":{"line":9,"column":29}},"3":{"start":{"line":13,"column":13},"end":{"line":13,"column":33}},"4":{"start":{"line":16,"column":2},"end":{"line":18,"column":3}},"5":{"start":{"line":17,"column":4},"end":{"line":17,"column":42}},"6":{"start":{"line":21,"column":2},"end":{"line":23,"column":3}},"7":{"start":{"line":22,"column":4},"end":{"line":22,"column":45}},"8":{"start":{"line":26,"column":2},"end":{"line":28,"column":3}},"9":{"start":{"line":27,"column":4},"end":{"line":27,"column":42}},"10":{"start":{"line":31,"column":2},"end":{"line":31,"column":60}},"11":{"start":{"line":37,"column":16},"end":{"line":42,"column":1}},"12":{"start":{"line":38,"column":2},"end":{"line":41,"column":3}},"13":{"start":{"line":39,"column":15},"end":{"line":39,"column":23}},"14":{"start":{"line":40,"column":4},"end":{"line":40,"column":45}},"15":{"start":{"line":45,"column":16},"end":{"line":71,"column":1}},"16":{"start":{"line":46,"column":26},"end":{"line":46,"column":27}},"17":{"start":{"line":47,"column":18},"end":{"line":47,"column":37}},"18":{"start":{"line":48,"column":2},"end":{"line":50,"column":3}},"19":{"start":{"line":49,"column":4},"end":{"line":49,"column":57}},"20":{"start":{"line":52,"column":21},"end":{"line":52,"column":30}},"21":{"start":{"line":53,"column":2},"end":{"line":60,"column":3}},"22":{"start":{"line":54,"column":28},"end":{"line":54,"column":29}},"23":{"start":{"line":55,"column":4},"end":{"line":59,"column":5}},"24":{"start":{"line":56,"column":17},"end":{"line":56,"column":25}},"25":{"start":{"line":57,"column":21},"end":{"line":57,"column":40}},"26":{"start":{"line":58,"column":6},"end":{"line":58,"column":40}},"27":{"start":{"line":62,"column":18},"end":{"line":62,"column":27}},"28":{"start":{"line":63,"column":2},"end":{"line":70,"column":3}},"29":{"start":{"line":64,"column":39},"end":{"line":64,"column":40}},"30":{"start":{"line":65,"column":4},"end":{"line":69,"column":5}},"31":{"start":{"line":66,"column":17},"end":{"line":66,"column":25}},"32":{"start":{"line":67,"column":21},"end":{"line":67,"column":54}},"33":{"start":{"line":68,"column":6},"end":{"line":68,"column":40}},"34":{"start":{"line":74,"column":16},"end":{"line":85,"column":1}},"35":{"start":{"line":76,"column":2},"end":{"line":78,"column":3}},"36":{"start":{"line":77,"column":4},"end":{"line":77,"column":12}},"37":{"start":{"line":80,"column":2},"end":{"line":84,"column":3}},"38":{"start":{"line":81,"column":15},"end":{"line":81,"column":23}},"39":{"start":{"line":82,"column":19},"end":{"line":82,"column":24}},"40":{"start":{"line":83,"column":4},"end":{"line":83,"column":52}},"41":{"start":{"line":88,"column":26},"end":{"line":88,"column":79}},"42":{"start":{"line":88,"column":40},"end":{"line":88,"column":78}}},"fnMap":{"0":{"name":"(anonymous_0)","decl":{"start":{"line":6,"column":21},"end":{"line":6,"column":22}},"loc":{"start":{"line":6,"column":42},"end":{"line":32,"column":1}},"line":6},"1":{"name":"(anonymous_1)","decl":{"start":{"line":37,"column":16},"end":{"line":37,"column":17}},"loc":{"start":{"line":37,"column":27},"end":{"line":42,"column":1}},"line":37},"2":{"name":"(anonymous_2)","decl":{"start":{"line":38,"column":9},"end":{"line":38,"column":10}},"loc":{"start":{"line":38,"column":21},"end":{"line":41,"column":3}},"line":38},"3":{"name":"(anonymous_3)","decl":{"start":{"line":45,"column":16},"end":{"line":45,"column":17}},"loc":{"start":{"line":45,"column":30},"end":{"line":71,"column":1}},"line":45},"4":{"name":"(anonymous_4)","decl":{"start":{"line":55,"column":11},"end":{"line":55,"column":12}},"loc":{"start":{"line":55,"column":23},"end":{"line":59,"column":5}},"line":55},"5":{"name":"(anonymous_5)","decl":{"start":{"line":65,"column":11},"end":{"line":65,"column":12}},"loc":{"start":{"line":65,"column":23},"end":{"line":69,"column":5}},"line":65},"6":{"name":"(anonymous_6)","decl":{"start":{"line":74,"column":16},"end":{"line":74,"column":17}},"loc":{"start":{"line":74,"column":27},"end":{"line":85,"column":1}},"line":74},"7":{"name":"(anonymous_7)","decl":{"start":{"line":80,"column":9},"end":{"line":80,"column":10}},"loc":{"start":{"line":80,"column":21},"end":{"line":84,"column":3}},"line":80},"8":{"name":"(anonymous_8)","decl":{"start":{"line":88,"column":33},"end":{"line":88,"column":34}},"loc":{"start":{"line":88,"column":40},"end":{"line":88,"column":78}},"line":88}},"branchMap":{"0":{"loc":{"start":{"line":8,"column":2},"end":{"line":10,"column":3}},"type":"if","locations":[{"start":{"line":8,"column":2},"end":{"line":10,"column":3}},{"start":{},"end":{}}],"line":8},"1":{"loc":{"start":{"line":16,"column":2},"end":{"line":18,"column":3}},"type":"if","locations":[{"start":{"line":16,"column":2},"end":{"line":18,"column":3}},{"start":{},"end":{}}],"line":16},"2":{"loc":{"start":{"line":21,"column":2},"end":{"line":23,"column":3}},"type":"if","locations":[{"start":{"line":21,"column":2},"end":{"line":23,"column":3}},{"start":{},"end":{}}],"line":21},"3":{"loc":{"start":{"line":26,"column":2},"end":{"line":28,"column":3}},"type":"if","locations":[{"start":{"line":26,"column":2},"end":{"line":28,"column":3}},{"start":{},"end":{}}],"line":26},"4":{"loc":{"start":{"line":40,"column":11},"end":{"line":40,"column":45}},"type":"cond-expr","locations":[{"start":{"line":40,"column":16},"end":{"line":40,"column":38}},{"start":{"line":40,"column":41},"end":{"line":40,"column":45}}],"line":40},"5":{"loc":{"start":{"line":47,"column":18},"end":{"line":47,"column":37}},"type":"binary-expr","locations":[{"start":{"line":47,"column":18},"end":{"line":47,"column":26}},{"start":{"line":47,"column":30},"end":{"line":47,"column":37}}],"line":47},"6":{"loc":{"start":{"line":48,"column":2},"end":{"line":50,"column":3}},"type":"if","locations":[{"start":{"line":48,"column":2},"end":{"line":50,"column":3}},{"start":{},"end":{}}],"line":48},"7":{"loc":{"start":{"line":53,"column":2},"end":{"line":60,"column":3}},"type":"if","locations":[{"start":{"line":53,"column":2},"end":{"line":60,"column":3}},{"start":{},"end":{}}],"line":53},"8":{"loc":{"start":{"line":57,"column":21},"end":{"line":57,"column":40}},"type":"cond-expr","locations":[{"start":{"line":57,"column":26},"end":{"line":57,"column":32}},{"start":{"line":57,"column":35},"end":{"line":57,"column":40}}],"line":57},"9":{"loc":{"start":{"line":63,"column":2},"end":{"line":70,"column":3}},"type":"if","locations":[{"start":{"line":63,"column":2},"end":{"line":70,"column":3}},{"start":{},"end":{}}],"line":63},"10":{"loc":{"start":{"line":67,"column":21},"end":{"line":67,"column":54}},"type":"cond-expr","locations":[{"start":{"line":67,"column":40},"end":{"line":67,"column":46}},{"start":{"line":67,"column":49},"end":{"line":67,"column":54}}],"line":67},"11":{"loc":{"start":{"line":76,"column":2},"end":{"line":78,"column":3}},"type":"if","locations":[{"start":{"line":76,"column":2},"end":{"line":78,"column":3}},{"start":{},"end":{}}],"line":76},"12":{"loc":{"start":{"line":76,"column":6},"end":{"line":76,"column":52}},"type":"binary-expr","locations":[{"start":{"line":76,"column":6},"end":{"line":76,"column":27}},{"start":{"line":76,"column":31},"end":{"line":76,"column":52}}],"line":76},"13":{"loc":{"start":{"line":83,"column":11},"end":{"line":83,"column":52}},"type":"cond-expr","locations":[{"start":{"line":83,"column":20},"end":{"line":83,"column":47}},{"start":{"line":83,"column":50},"end":{"line":83,"column":52}}],"line":83}},"s":{"0":2,"1":17,"2":1,"3":16,"4":16,"5":2,"6":14,"7":9,"8":5,"9":4,"10":1,"11":2,"12":2,"13":3,"14":3,"15":2,"16":9,"17":9,"18":9,"19":3,"20":6,"21":6,"22":3,"23":3,"24":5,"25":5,"26":5,"27":3,"28":3,"29":3,"30":3,"31":4,"32":4,"33":4,"34":2,"35":4,"36":1,"37":3,"38":4,"39":4,"40":4,"41":2,"42":2},"f":{"0":17,"1":2,"2":3,"3":9,"4":5,"5":4,"6":4,"7":4,"8":2},"b":{"0":[1,16],"1":[2,14],"2":[9,5],"3":[4,1],"4":[2,1],"5":[9,7],"6":[3,6],"7":[3,3],"8":[3,2],"9":[3,0],"10":[2,2],"11":[1,3],"12":[4,1],"13":[3,1]},"_coverageSchema":"1a1c01bbd47fc00a2c39e90264f33305004495a9","hash":"fbf641f2f741acf67de134785aafa47620aed380"}
,"D:\\code\\tob-ui-core\\core\\hack\\methods.js": {"path":"D:\\code\\tob-ui-core\\core\\hack\\methods.js","statementMap":{"0":{"start":{"line":4,"column":18},"end":{"line":11,"column":1}},"1":{"start":{"line":5,"column":20},"end":{"line":5,"column":48}},"2":{"start":{"line":6,"column":1},"end":{"line":8,"column":2}},"3":{"start":{"line":7,"column":2},"end":{"line":7,"column":33}},"4":{"start":{"line":10,"column":1},"end":{"line":10,"column":23}},"5":{"start":{"line":14,"column":19},"end":{"line":19,"column":1}},"6":{"start":{"line":15,"column":1},"end":{"line":18,"column":3}},"7":{"start":{"line":16,"column":20},"end":{"line":16,"column":40}},"8":{"start":{"line":17,"column":2},"end":{"line":17,"column":54}}},"fnMap":{"0":{"name":"(anonymous_0)","decl":{"start":{"line":4,"column":18},"end":{"line":4,"column":19}},"loc":{"start":{"line":4,"column":36},"end":{"line":11,"column":1}},"line":4},"1":{"name":"(anonymous_1)","decl":{"start":{"line":14,"column":19},"end":{"line":14,"column":20}},"loc":{"start":{"line":14,"column":37},"end":{"line":19,"column":1}},"line":14},"2":{"name":"(anonymous_2)","decl":{"start":{"line":15,"column":28},"end":{"line":15,"column":29}},"loc":{"start":{"line":15,"column":51},"end":{"line":18,"column":2}},"line":15}},"branchMap":{"0":{"loc":{"start":{"line":5,"column":20},"end":{"line":5,"column":48}},"type":"binary-expr","locations":[{"start":{"line":5,"column":20},"end":{"line":5,"column":34}},{"start":{"line":5,"column":38},"end":{"line":5,"column":48}}],"line":5},"1":{"loc":{"start":{"line":6,"column":1},"end":{"line":8,"column":2}},"type":"if","locations":[{"start":{"line":6,"column":1},"end":{"line":8,"column":2}},{"start":{},"end":{}}],"line":6},"2":{"loc":{"start":{"line":17,"column":22},"end":{"line":17,"column":53}},"type":"cond-expr","locations":[{"start":{"line":17,"column":34},"end":{"line":17,"column":40}},{"start":{"line":17,"column":43},"end":{"line":17,"column":53}}],"line":17}},"s":{"0":2,"1":1,"2":1,"3":1,"4":0,"5":2,"6":1,"7":3,"8":3},"f":{"0":1,"1":1,"2":3},"b":{"0":[1,1],"1":[1,0],"2":[1,2]},"_coverageSchema":"1a1c01bbd47fc00a2c39e90264f33305004495a9","hash":"2881775438c9607fb53b5fdd482e4c450ad815ab"}
,"D:\\code\\tob-ui-core\\core\\hack\\props.js": {"path":"D:\\code\\tob-ui-core\\core\\hack\\props.js","statementMap":{"0":{"start":{"line":5,"column":22},"end":{"line":13,"column":1}},"1":{"start":{"line":6,"column":12},"end":{"line":6,"column":23}},"2":{"start":{"line":7,"column":15},"end":{"line":7,"column":23}},"3":{"start":{"line":8,"column":2},"end":{"line":10,"column":3}},"4":{"start":{"line":9,"column":4},"end":{"line":9,"column":47}},"5":{"start":{"line":12,"column":2},"end":{"line":12,"column":45}},"6":{"start":{"line":18,"column":14},"end":{"line":25,"column":1}},"7":{"start":{"line":28,"column":19},"end":{"line":33,"column":1}},"8":{"start":{"line":29,"column":2},"end":{"line":32,"column":3}},"9":{"start":{"line":31,"column":35},"end":{"line":31,"column":36}},"10":{"start":{"line":36,"column":16},"end":{"line":36,"column":67}},"11":{"start":{"line":36,"column":26},"end":{"line":36,"column":67}}},"fnMap":{"0":{"name":"(anonymous_0)","decl":{"start":{"line":5,"column":22},"end":{"line":5,"column":23}},"loc":{"start":{"line":5,"column":43},"end":{"line":13,"column":1}},"line":5},"1":{"name":"(anonymous_1)","decl":{"start":{"line":28,"column":19},"end":{"line":28,"column":20}},"loc":{"start":{"line":28,"column":32},"end":{"line":33,"column":1}},"line":28},"2":{"name":"(anonymous_2)","decl":{"start":{"line":31,"column":29},"end":{"line":31,"column":30}},"loc":{"start":{"line":31,"column":35},"end":{"line":31,"column":36}},"line":31},"3":{"name":"(anonymous_3)","decl":{"start":{"line":36,"column":16},"end":{"line":36,"column":17}},"loc":{"start":{"line":36,"column":26},"end":{"line":36,"column":67}},"line":36}},"branchMap":{"0":{"loc":{"start":{"line":8,"column":2},"end":{"line":10,"column":3}},"type":"if","locations":[{"start":{"line":8,"column":2},"end":{"line":10,"column":3}},{"start":{},"end":{}}],"line":8},"1":{"loc":{"start":{"line":31,"column":13},"end":{"line":31,"column":40}},"type":"cond-expr","locations":[{"start":{"line":31,"column":29},"end":{"line":31,"column":36}},{"start":{"line":31,"column":39},"end":{"line":31,"column":40}}],"line":31}},"s":{"0":2,"1":52,"2":52,"3":52,"4":51,"5":1,"6":2,"7":2,"8":51,"9":5,"10":2,"11":51},"f":{"0":52,"1":51,"2":5,"3":51},"b":{"0":[51,1],"1":[5,46]},"_coverageSchema":"1a1c01bbd47fc00a2c39e90264f33305004495a9","hash":"956dcb4bdff68c480e80c75092b6c0e5be6098bf"}
,"D:\\code\\tob-ui-core\\core\\tools\\cached.js": {"path":"D:\\code\\tob-ui-core\\core\\tools\\cached.js","statementMap":{"0":{"start":{"line":3,"column":16},"end":{"line":3,"column":35}},"1":{"start":{"line":4,"column":2},"end":{"line":7,"column":3}},"2":{"start":{"line":5,"column":16},"end":{"line":5,"column":26}},"3":{"start":{"line":6,"column":4},"end":{"line":6,"column":40}}},"fnMap":{"0":{"name":"(anonymous_0)","decl":{"start":{"line":2,"column":15},"end":{"line":2,"column":16}},"loc":{"start":{"line":2,"column":23},"end":{"line":8,"column":1}},"line":2},"1":{"name":"(anonymous_1)","decl":{"start":{"line":4,"column":9},"end":{"line":4,"column":10}},"loc":{"start":{"line":4,"column":18},"end":{"line":7,"column":3}},"line":4}},"branchMap":{"0":{"loc":{"start":{"line":6,"column":11},"end":{"line":6,"column":40}},"type":"binary-expr","locations":[{"start":{"line":6,"column":11},"end":{"line":6,"column":14}},{"start":{"line":6,"column":19},"end":{"line":6,"column":39}}],"line":6}},"s":{"0":2,"1":2,"2":16,"3":16},"f":{"0":2,"1":16},"b":{"0":[16,2]},"_coverageSchema":"1a1c01bbd47fc00a2c39e90264f33305004495a9","hash":"d3b4205a2ab68171b7b2ba36ad5f56e3498c4212"}
,"D:\\code\\tob-ui-core\\core\\tools\\index.js": {"path":"D:\\code\\tob-ui-core\\core\\tools\\index.js","statementMap":{},"fnMap":{},"branchMap":{},"s":{},"f":{},"b":{},"_coverageSchema":"1a1c01bbd47fc00a2c39e90264f33305004495a9","hash":"6fb3a81f48e6d2efe9b4a8a9e2cc60ed83f18f21"}
,"D:\\code\\tob-ui-core\\core\\tools\\nanoid.js": {"path":"D:\\code\\tob-ui-core\\core\\tools\\nanoid.js","statementMap":{"0":{"start":{"line":2,"column":1},"end":{"line":2,"column":67}},"1":{"start":{"line":14,"column":10},"end":{"line":14,"column":12}},"2":{"start":{"line":15,"column":9},"end":{"line":15,"column":13}},"3":{"start":{"line":16,"column":1},"end":{"line":18,"column":2}},"4":{"start":{"line":17,"column":2},"end":{"line":17,"column":45}},"5":{"start":{"line":19,"column":1},"end":{"line":19,"column":19}}},"fnMap":{"0":{"name":"(anonymous_0)","decl":{"start":{"line":13,"column":15},"end":{"line":13,"column":16}},"loc":{"start":{"line":13,"column":44},"end":{"line":20,"column":1}},"line":13}},"branchMap":{"0":{"loc":{"start":{"line":13,"column":16},"end":{"line":13,"column":25}},"type":"default-arg","locations":[{"start":{"line":13,"column":23},"end":{"line":13,"column":25}}],"line":13},"1":{"loc":{"start":{"line":13,"column":27},"end":{"line":13,"column":39}},"type":"default-arg","locations":[{"start":{"line":13,"column":36},"end":{"line":13,"column":39}}],"line":13}},"s":{"0":2,"1":0,"2":0,"3":0,"4":0,"5":0},"f":{"0":0},"b":{"0":[0],"1":[0]},"_coverageSchema":"1a1c01bbd47fc00a2c39e90264f33305004495a9","hash":"920e73fac3ec4bcbb5e45685557c8b202fb5f3ed"}
,"D:\\code\\tob-ui-core\\core\\tools\\query.js": {"path":"D:\\code\\tob-ui-core\\core\\tools\\query.js","statementMap":{"0":{"start":{"line":6,"column":21},"end":{"line":13,"column":2}},"1":{"start":{"line":7,"column":17},"end":{"line":7,"column":46}},"2":{"start":{"line":8,"column":13},"end":{"line":11,"column":21}},"3":{"start":{"line":12,"column":2},"end":{"line":12,"column":53}},"4":{"start":{"line":12,"column":32},"end":{"line":12,"column":45}},"5":{"start":{"line":14,"column":1},"end":{"line":14,"column":32}}},"fnMap":{"0":{"name":"(anonymous_0)","decl":{"start":{"line":5,"column":15},"end":{"line":5,"column":16}},"loc":{"start":{"line":5,"column":39},"end":{"line":15,"column":1}},"line":5},"1":{"name":"(anonymous_1)","decl":{"start":{"line":6,"column":21},"end":{"line":6,"column":22}},"loc":{"start":{"line":6,"column":32},"end":{"line":13,"column":2}},"line":6},"2":{"name":"(anonymous_2)","decl":{"start":{"line":12,"column":24},"end":{"line":12,"column":25}},"loc":{"start":{"line":12,"column":32},"end":{"line":12,"column":45}},"line":12}},"branchMap":{"0":{"loc":{"start":{"line":7,"column":17},"end":{"line":7,"column":46}},"type":"cond-expr","locations":[{"start":{"line":7,"column":24},"end":{"line":7,"column":35}},{"start":{"line":7,"column":38},"end":{"line":7,"column":46}}],"line":7}},"s":{"0":0,"1":0,"2":0,"3":0,"4":0,"5":0},"f":{"0":0,"1":0,"2":0},"b":{"0":[0,0]},"_coverageSchema":"1a1c01bbd47fc00a2c39e90264f33305004495a9","hash":"f392977e4dd5228e076474e1375bebbc1c499ebf"}
,"D:\\code\\tob-ui-core\\core\\tools\\types.js": {"path":"D:\\code\\tob-ui-core\\core\\tools\\types.js","statementMap":{"0":{"start":{"line":2,"column":18},"end":{"line":2,"column":45}},"1":{"start":{"line":2,"column":28},"end":{"line":2,"column":45}},"2":{"start":{"line":5,"column":19},"end":{"line":5,"column":38}},"3":{"start":{"line":5,"column":29},"end":{"line":5,"column":38}},"4":{"start":{"line":8,"column":24},"end":{"line":11,"column":1}},"5":{"start":{"line":9,"column":17},"end":{"line":9,"column":50}},"6":{"start":{"line":10,"column":2},"end":{"line":10,"column":28}}},"fnMap":{"0":{"name":"(anonymous_0)","decl":{"start":{"line":2,"column":18},"end":{"line":2,"column":19}},"loc":{"start":{"line":2,"column":28},"end":{"line":2,"column":45}},"line":2},"1":{"name":"(anonymous_1)","decl":{"start":{"line":5,"column":19},"end":{"line":5,"column":20}},"loc":{"start":{"line":5,"column":29},"end":{"line":5,"column":38}},"line":5},"2":{"name":"(anonymous_2)","decl":{"start":{"line":8,"column":24},"end":{"line":8,"column":25}},"loc":{"start":{"line":8,"column":31},"end":{"line":11,"column":1}},"line":8}},"branchMap":{},"s":{"0":2,"1":135,"2":2,"3":40,"4":2,"5":188,"6":188},"f":{"0":135,"1":40,"2":188},"b":{},"_coverageSchema":"1a1c01bbd47fc00a2c39e90264f33305004495a9","hash":"3f32e47250a011036f2a9636cdcf4f614a529b72"}
}
