TN:
SF:core\index.js
FNF:0
FNH:0
LF:0
LH:0
BRF:0
BRH:0
end_of_record
TN:
SF:core\design\VModel.js
FN:4,(anonymous_0)
FN:19,(anonymous_1)
FN:32,(anonymous_2)
FNF:3
FNH:3
FNDA:3,(anonymous_0)
FNDA:2,(anonymous_1)
FNDA:1,(anonymous_2)
DA:5,3
DA:6,3
DA:21,2
DA:22,2
DA:26,0
DA:27,0
DA:34,1
DA:37,1
LF:8
LH:6
BRDA:4,0,0,0
BRF:1
BRH:0
end_of_record
TN:
SF:core\design\color.js
FN:6,(anonymous_0)
FN:23,(anonymous_1)
FN:52,(anonymous_2)
FN:90,(anonymous_3)
FN:92,(anonymous_4)
FNF:5
FNH:5
FNDA:10,(anonymous_0)
FNDA:54,(anonymous_1)
FNDA:36,(anonymous_2)
FNDA:6,(anonymous_3)
FNDA:54,(anonymous_4)
DA:14,10
DA:16,10
DA:17,1
DA:20,9
DA:24,54
DA:26,54
DA:27,36
DA:28,36
DA:29,36
DA:31,18
DA:32,18
DA:39,2
DA:52,2
DA:53,36
DA:55,36
DA:56,36
DA:57,36
DA:58,36
DA:59,36
DA:60,36
DA:61,36
DA:63,36
DA:65,36
DA:66,9
DA:70,36
DA:71,9
DA:72,0
DA:74,9
DA:78,27
DA:79,9
DA:80,0
DA:82,9
DA:86,18
DA:90,2
DA:91,6
DA:92,54
DA:93,6
DA:97,2
DA:100,2
DA:103,2
LF:40
LH:38
BRDA:6,0,0,2
BRDA:8,1,0,9
BRDA:9,2,0,9
BRDA:10,3,0,8
BRDA:11,4,0,7
BRDA:12,5,0,8
BRDA:13,6,0,9
BRDA:16,7,0,1
BRDA:16,7,1,9
BRDA:16,8,0,10
BRDA:16,8,1,3
BRDA:26,9,0,36
BRDA:26,9,1,18
BRDA:29,10,0,36
BRDA:29,10,1,0
BRDA:32,11,0,18
BRDA:32,11,1,0
BRDA:52,12,0,0
BRDA:65,13,0,9
BRDA:65,13,1,27
BRDA:70,14,0,9
BRDA:70,14,1,27
BRDA:71,15,0,0
BRDA:71,15,1,9
BRDA:78,16,0,9
BRDA:78,16,1,18
BRDA:79,17,0,0
BRDA:79,17,1,9
BRF:28
BRH:23
end_of_record
TN:
SF:core\design\common.js
FN:4,(anonymous_0)
FN:10,(anonymous_1)
FN:19,(anonymous_2)
FNF:3
FNH:3
FNDA:17,(anonymous_0)
FNDA:26,(anonymous_1)
FNDA:10,(anonymous_2)
DA:4,2
DA:5,17
DA:6,17
DA:10,2
DA:11,26
DA:12,16
DA:17,10
DA:18,10
DA:20,10
DA:25,0
LF:10
LH:9
BRDA:6,0,0,4
BRDA:6,0,1,13
BRDA:11,1,0,16
BRDA:11,1,1,10
BRDA:17,2,0,10
BRDA:17,2,1,0
BRF:6
BRH:5
end_of_record
TN:
SF:core\design\counter.js
FN:4,(anonymous_0)
FN:9,(anonymous_1)
FN:14,(anonymous_2)
FN:17,(anonymous_3)
FN:19,(anonymous_4)
FN:21,(anonymous_5)
FN:23,(anonymous_6)
FN:30,(anonymous_7)
FN:36,(anonymous_8)
FN:44,(anonymous_9)
FN:48,(anonymous_10)
FN:52,(anonymous_11)
FN:56,(anonymous_12)
FNF:13
FNH:8
FNDA:6,(anonymous_0)
FNDA:5,(anonymous_1)
FNDA:5,(anonymous_2)
FNDA:2,(anonymous_3)
FNDA:1,(anonymous_4)
FNDA:1,(anonymous_5)
FNDA:1,(anonymous_6)
FNDA:2,(anonymous_7)
FNDA:0,(anonymous_8)
FNDA:0,(anonymous_9)
FNDA:0,(anonymous_10)
FNDA:0,(anonymous_11)
FNDA:0,(anonymous_12)
DA:4,2
DA:5,6
DA:6,1
DA:8,5
DA:10,5
DA:15,5
DA:17,2
DA:19,1
DA:21,1
DA:23,1
DA:30,2
DA:31,2
DA:32,1
DA:35,1
DA:37,0
LF:15
LH:14
BRDA:5,0,0,1
BRDA:5,0,1,5
BRDA:31,1,0,1
BRDA:31,1,1,1
BRF:4
BRH:4
end_of_record
TN:
SF:core\design\effects.js
FN:4,(anonymous_0)
FN:10,(anonymous_1)
FN:15,(anonymous_2)
FN:29,(anonymous_3)
FN:33,(anonymous_4)
FN:37,(anonymous_5)
FN:41,(anonymous_6)
FN:45,(anonymous_7)
FN:49,(anonymous_8)
FN:57,(anonymous_9)
FN:61,(anonymous_10)
FN:62,(anonymous_11)
FN:73,(anonymous_12)
FN:82,(anonymous_13)
FN:86,(anonymous_14)
FN:90,(anonymous_15)
FN:94,(anonymous_16)
FN:98,(anonymous_17)
FN:102,(anonymous_18)
FN:106,(anonymous_19)
FN:110,(anonymous_20)
FNF:21
FNH:10
FNDA:8,(anonymous_0)
FNDA:7,(anonymous_1)
FNDA:0,(anonymous_2)
FNDA:1,(anonymous_3)
FNDA:3,(anonymous_4)
FNDA:1,(anonymous_5)
FNDA:8,(anonymous_6)
FNDA:1,(anonymous_7)
FNDA:1,(anonymous_8)
FNDA:1,(anonymous_9)
FNDA:0,(anonymous_10)
FNDA:0,(anonymous_11)
FNDA:2,(anonymous_12)
FNDA:0,(anonymous_13)
FNDA:0,(anonymous_14)
FNDA:0,(anonymous_15)
FNDA:0,(anonymous_16)
FNDA:0,(anonymous_17)
FNDA:0,(anonymous_18)
FNDA:0,(anonymous_19)
FNDA:0,(anonymous_20)
DA:4,2
DA:5,8
DA:6,1
DA:9,7
DA:11,7
DA:16,0
DA:30,1
DA:34,3
DA:38,1
DA:42,8
DA:46,1
DA:50,1
DA:51,1
DA:52,1
DA:54,0
DA:58,1
DA:62,0
DA:63,0
DA:64,0
DA:73,2
DA:74,2
DA:75,1
DA:78,1
LF:23
LH:18
BRDA:5,0,0,1
BRDA:5,0,1,7
BRDA:51,1,0,1
BRDA:51,1,1,0
BRDA:63,2,0,0
BRDA:63,2,1,0
BRDA:74,3,0,1
BRDA:74,3,1,1
BRF:8
BRH:5
end_of_record
TN:
SF:core\design\emits.js
FN:4,(anonymous_0)
FN:12,(anonymous_1)
FNF:2
FNH:2
FNDA:3,(anonymous_0)
FNDA:1,(anonymous_1)
DA:5,3
DA:6,1
DA:9,2
DA:11,2
DA:12,3
DA:13,1
DA:16,2
LF:7
LH:7
BRDA:4,0,0,0
BRDA:5,1,0,1
BRDA:5,1,1,2
BRF:3
BRH:2
end_of_record
TN:
SF:core\design\flex.js
FN:4,(anonymous_0)
FN:14,(anonymous_1)
FN:18,(anonymous_2)
FN:22,(anonymous_3)
FNF:4
FNH:4
FNDA:2,(anonymous_0)
FNDA:5,(anonymous_1)
FNDA:6,(anonymous_2)
FNDA:4,(anonymous_3)
DA:10,2
DA:11,2
DA:15,5
DA:16,5
DA:19,6
DA:20,6
DA:23,4
DA:24,4
DA:31,2
DA:41,2
DA:50,2
LF:11
LH:11
BRDA:4,0,0,1
BRDA:6,1,0,1
BRDA:7,2,0,1
BRDA:8,3,0,1
BRDA:9,4,0,2
BRDA:16,5,0,5
BRDA:16,5,1,0
BRDA:20,6,0,6
BRDA:20,6,1,0
BRDA:24,7,0,4
BRDA:24,7,1,0
BRF:11
BRH:8
end_of_record
TN:
SF:core\design\rounded.js
FN:4,(anonymous_0)
FN:9,(anonymous_1)
FNF:2
FNH:2
FNDA:5,(anonymous_0)
FNDA:11,(anonymous_1)
DA:5,5
DA:6,5
DA:10,11
DA:11,11
DA:12,11
DA:19,2
LF:6
LH:6
BRDA:4,0,0,2
BRDA:5,1,0,3
BRDA:5,2,0,2
BRDA:12,3,0,10
BRDA:12,3,1,1
BRF:5
BRH:5
end_of_record
TN:
SF:core\design\shadow.js
FN:4,(anonymous_0)
FN:9,(anonymous_1)
FNF:2
FNH:2
FNDA:5,(anonymous_0)
FNDA:8,(anonymous_1)
DA:5,5
DA:6,5
DA:10,8
DA:11,8
DA:12,8
DA:19,2
LF:6
LH:6
BRDA:4,0,0,2
BRDA:5,1,0,3
BRDA:5,2,0,2
BRDA:12,3,0,7
BRDA:12,3,1,1
BRF:5
BRH:5
end_of_record
TN:
SF:core\design\size.js
FN:6,(anonymous_0)
FN:16,(anonymous_1)
FNF:2
FNH:2
FNDA:6,(anonymous_0)
FNDA:6,(anonymous_1)
DA:7,6
DA:9,6
DA:10,1
DA:13,5
DA:17,6
DA:18,6
LF:6
LH:6
BRDA:6,0,0,0
BRDA:7,1,0,4
BRDA:7,2,0,1
BRDA:7,3,0,3
BRDA:9,4,0,1
BRDA:9,4,1,5
BRDA:18,5,0,5
BRDA:18,5,1,1
BRF:8
BRH:7
end_of_record
TN:
SF:core\hack\common.js
FN:4,(anonymous_0)
FN:4,(anonymous_1)
FN:14,(anonymous_2)
FNF:3
FNH:3
FNDA:6,(anonymous_0)
FNDA:41,(anonymous_1)
FNDA:37,(anonymous_2)
DA:4,6
DA:5,41
DA:6,41
DA:7,70
DA:8,70
DA:10,36
DA:14,2
DA:15,37
DA:16,35
DA:18,2
LF:10
LH:10
BRDA:4,0,0,0
BRDA:15,1,0,35
BRDA:15,1,1,2
BRF:3
BRH:2
end_of_record
TN:
SF:core\hack\computed.js
FN:6,(anonymous_0)
FN:37,(anonymous_1)
FN:38,(anonymous_2)
FN:45,(anonymous_3)
FN:55,(anonymous_4)
FN:65,(anonymous_5)
FN:74,(anonymous_6)
FN:80,(anonymous_7)
FN:88,(anonymous_8)
FNF:9
FNH:9
FNDA:17,(anonymous_0)
FNDA:2,(anonymous_1)
FNDA:3,(anonymous_2)
FNDA:9,(anonymous_3)
FNDA:5,(anonymous_4)
FNDA:4,(anonymous_5)
FNDA:4,(anonymous_6)
FNDA:4,(anonymous_7)
FNDA:2,(anonymous_8)
DA:6,2
DA:8,17
DA:9,1
DA:13,16
DA:16,16
DA:17,2
DA:21,14
DA:22,9
DA:26,5
DA:27,4
DA:31,1
DA:37,2
DA:38,2
DA:39,3
DA:40,3
DA:45,2
DA:46,9
DA:47,9
DA:48,9
DA:49,3
DA:52,6
DA:53,6
DA:54,3
DA:55,3
DA:56,5
DA:57,5
DA:58,5
DA:62,3
DA:63,3
DA:64,3
DA:65,3
DA:66,4
DA:67,4
DA:68,4
DA:74,2
DA:76,4
DA:77,1
DA:80,3
DA:81,4
DA:82,4
DA:83,4
DA:88,2
LF:42
LH:42
BRDA:8,0,0,1
BRDA:8,0,1,16
BRDA:16,1,0,2
BRDA:16,1,1,14
BRDA:21,2,0,9
BRDA:21,2,1,5
BRDA:26,3,0,4
BRDA:26,3,1,1
BRDA:40,4,0,2
BRDA:40,4,1,1
BRDA:47,5,0,9
BRDA:47,5,1,7
BRDA:48,6,0,3
BRDA:48,6,1,6
BRDA:53,7,0,3
BRDA:53,7,1,3
BRDA:57,8,0,3
BRDA:57,8,1,2
BRDA:63,9,0,3
BRDA:63,9,1,0
BRDA:67,10,0,2
BRDA:67,10,1,2
BRDA:76,11,0,1
BRDA:76,11,1,3
BRDA:76,12,0,4
BRDA:76,12,1,1
BRDA:83,13,0,3
BRDA:83,13,1,1
BRF:28
BRH:27
end_of_record
TN:
SF:core\hack\methods.js
FN:4,(anonymous_0)
FN:14,(anonymous_1)
FN:15,(anonymous_2)
FNF:3
FNH:3
FNDA:1,(anonymous_0)
FNDA:1,(anonymous_1)
FNDA:3,(anonymous_2)
DA:4,2
DA:5,1
DA:6,1
DA:7,1
DA:10,0
DA:14,2
DA:15,1
DA:16,3
DA:17,3
LF:9
LH:8
BRDA:5,0,0,1
BRDA:5,0,1,1
BRDA:6,1,0,1
BRDA:6,1,1,0
BRDA:17,2,0,1
BRDA:17,2,1,2
BRF:6
BRH:5
end_of_record
TN:
SF:core\hack\props.js
FN:5,(anonymous_0)
FN:28,(anonymous_1)
FN:31,(anonymous_2)
FN:36,(anonymous_3)
FNF:4
FNH:4
FNDA:52,(anonymous_0)
FNDA:51,(anonymous_1)
FNDA:5,(anonymous_2)
FNDA:51,(anonymous_3)
DA:5,2
DA:6,52
DA:7,52
DA:8,52
DA:9,51
DA:12,1
DA:18,2
DA:28,2
DA:29,51
DA:31,5
DA:36,51
LF:11
LH:11
BRDA:8,0,0,51
BRDA:8,0,1,1
BRDA:31,1,0,5
BRDA:31,1,1,46
BRF:4
BRH:4
end_of_record
TN:
SF:core\tools\cached.js
FN:2,(anonymous_0)
FN:4,(anonymous_1)
FNF:2
FNH:2
FNDA:2,(anonymous_0)
FNDA:16,(anonymous_1)
DA:3,2
DA:4,2
DA:5,16
DA:6,16
LF:4
LH:4
BRDA:6,0,0,16
BRDA:6,0,1,2
BRF:2
BRH:2
end_of_record
TN:
SF:core\tools\index.js
FNF:0
FNH:0
LF:0
LH:0
BRF:0
BRH:0
end_of_record
TN:
SF:core\tools\nanoid.js
FN:13,(anonymous_0)
FNF:1
FNH:0
FNDA:0,(anonymous_0)
DA:2,2
DA:14,0
DA:15,0
DA:16,0
DA:17,0
DA:19,0
LF:6
LH:1
BRDA:13,0,0,0
BRDA:13,1,0,0
BRF:2
BRH:0
end_of_record
TN:
SF:core\tools\query.js
FN:5,(anonymous_0)
FN:6,(anonymous_1)
FN:12,(anonymous_2)
FNF:3
FNH:0
FNDA:0,(anonymous_0)
FNDA:0,(anonymous_1)
FNDA:0,(anonymous_2)
DA:6,0
DA:7,0
DA:8,0
DA:12,0
DA:14,0
LF:5
LH:0
BRDA:7,0,0,0
BRDA:7,0,1,0
BRF:2
BRH:0
end_of_record
TN:
SF:core\tools\types.js
FN:2,(anonymous_0)
FN:5,(anonymous_1)
FN:8,(anonymous_2)
FNF:3
FNH:3
FNDA:135,(anonymous_0)
FNDA:40,(anonymous_1)
FNDA:188,(anonymous_2)
DA:2,135
DA:5,40
DA:8,2
DA:9,188
DA:10,188
LF:5
LH:5
BRF:0
BRH:0
end_of_record
